<?xml version="1.0" encoding="UTF-8"?>
<testsuite name="com.forge.pixpin.annotate.AnnotationGeometryTest" tests="8" skipped="0" failures="0" errors="0" timestamp="2026-08-08T18:45:48.937Z" hostname="localhost" time="0.009">
  <properties/>
  <testcase name="boxesIntersect" classname="com.forge.pixpin.annotate.AnnotationGeometryTest" time="0.0"/>
  <testcase name="un texto con cuadro ocupa el ancho del cuadro" classname="com.forge.pixpin.annotate.AnnotationGeometryTest" time="0.0"/>
  <testcase name="pathHitsAnnotation detecta cruce y no cruce" classname="com.forge.pixpin.annotate.AnnotationGeometryTest" time="0.0"/>
  <testcase name="un texto largo con cuadro estrecho ocupa mas alto que uno corto" classname="com.forge.pixpin.annotate.AnnotationGeometryTest" time="0.0"/>
  <testcase name="rectFrom normaliza min y max" classname="com.forge.pixpin.annotate.AnnotationGeometryTest" time="0.0"/>
  <testcase name="un texto sin cuadro sigue midiendose en una linea" classname="com.forge.pixpin.annotate.AnnotationGeometryTest" time="0.0"/>
  <testcase name="arrowHead apunta hacia atras" classname="com.forge.pixpin.annotate.AnnotationGeometryTest" time="0.006"/>
  <testcase name="boundingBox incluye el grosor" classname="com.forge.pixpin.annotate.AnnotationGeometryTest" time="0.0"/>
  <system-out><![CDATA[]]></system-out>
  <system-err><![CDATA[]]></system-err>
</testsuite>
