<?xml version="1.0" encoding="UTF-8"?>
<testsuite name="com.forge.pixpin.pin.PinZoomTest" tests="12" skipped="0" failures="0" errors="0" timestamp="2026-08-08T12:20:04.948Z" hostname="localhost" time="0.008">
  <properties/>
  <testcase name="el tope lo marca el eje que llega antes al borde" classname="com.forge.pixpin.pin.PinZoomTest" time="0.001"/>
  <testcase name="un contenido diminuto no crece sin freno" classname="com.forge.pixpin.pin.PinZoomTest" time="0.0"/>
  <testcase name="el punto entre los dedos se queda clavado" classname="com.forge.pixpin.pin.PinZoomTest" time="0.0"/>
  <testcase name="el hueco de la sombra no desvia el punto anclado" classname="com.forge.pixpin.pin.PinZoomTest" time="0.0"/>
  <testcase name="encoger siempre se puede" classname="com.forge.pixpin.pin.PinZoomTest" time="0.0"/>
  <testcase name="a ese tope el pin llena la pantalla justo sin pasarse" classname="com.forge.pixpin.pin.PinZoomTest" time="0.001"/>
  <testcase name="respeta el tope recibido" classname="com.forge.pixpin.pin.PinZoomTest" time="0.002"/>
  <testcase name="sin hueco el resultado no cambia" classname="com.forge.pixpin.pin.PinZoomTest" time="0.0"/>
  <testcase name="el tope se deduce aunque el pin ya venga escalado" classname="com.forge.pixpin.pin.PinZoomTest" time="0.001"/>
  <testcase name="con el foco en el centro tambien se descuenta el hueco" classname="com.forge.pixpin.pin.PinZoomTest" time="0.0"/>
  <testcase name="medidas imposibles no rompen el calculo" classname="com.forge.pixpin.pin.PinZoomTest" time="0.0"/>
  <testcase name="al mover los dedos el pin los sigue" classname="com.forge.pixpin.pin.PinZoomTest" time="0.001"/>
  <system-out><![CDATA[]]></system-out>
  <system-err><![CDATA[]]></system-err>
</testsuite>
