<?xml version="1.0" encoding="UTF-8"?>
<testsuite name="com.forge.pixpin.pin.TextBoxSizeTest" tests="5" skipped="0" failures="0" errors="0" timestamp="2026-08-08T05:59:09.916Z" hostname="localhost" time="0.004">
  <properties/>
  <testcase name="arrastrar hacia dentro encoge" classname="com.forge.pixpin.pin.TextBoxSizeTest" time="0.003"/>
  <testcase name="sin arrastre no cambia nada" classname="com.forge.pixpin.pin.TextBoxSizeTest" time="0.0"/>
  <testcase name="arrastrar en diagonal crece en los dos ejes" classname="com.forge.pixpin.pin.TextBoxSizeTest" time="0.001"/>
  <testcase name="no baja de los minimos por mucho que se arrastre" classname="com.forge.pixpin.pin.TextBoxSizeTest" time="0.0"/>
  <testcase name="no pasa de los maximos por mucho que se arrastre" classname="com.forge.pixpin.pin.TextBoxSizeTest" time="0.0"/>
  <system-out><![CDATA[]]></system-out>
  <system-err><![CDATA[]]></system-err>
</testsuite>
