<?xml version="1.0" encoding="UTF-8"?>
<testsuite name="com.forge.pixpin.pin.OverlayTouchHandlerTest" tests="15" skipped="0" failures="0" errors="0" timestamp="2026-08-08T18:46:28.495Z" hostname="localhost" time="7.731">
  <properties/>
  <testcase name="sin handle el comportamiento es el de siempre" classname="com.forge.pixpin.pin.OverlayTouchHandlerTest" time="0.306"/>
  <testcase name="fuera de la pastilla se sigue arrastrando el pin" classname="com.forge.pixpin.pin.OverlayTouchHandlerTest" time="0.121"/>
  <testcase name="la pastilla de scroll desplaza en vez de arrastrar el pin" classname="com.forge.pixpin.pin.OverlayTouchHandlerTest" time="0.444"/>
  <testcase name="arrastrar no cuenta como toque" classname="com.forge.pixpin.pin.OverlayTouchHandlerTest" time="4.368"/>
  <testcase name="el handle gana a la pastilla cuando se solapan" classname="com.forge.pixpin.pin.OverlayTouchHandlerTest" time="0.382"/>
  <testcase name="un dedo arrastra en coordenadas de pantalla" classname="com.forge.pixpin.pin.OverlayTouchHandlerTest" time="0.154"/>
  <testcase name="dos dedos en vertical ajustan opacidad" classname="com.forge.pixpin.pin.OverlayTouchHandlerTest" time="0.177"/>
  <testcase name="un pellizco no cuenta como toque" classname="com.forge.pixpin.pin.OverlayTouchHandlerTest" time="0.18"/>
  <testcase name="dos toques lejanos en el tiempo no cuentan como doble" classname="com.forge.pixpin.pin.OverlayTouchHandlerTest" time="0.191"/>
  <testcase name="fuera de la esquina se sigue arrastrando" classname="com.forge.pixpin.pin.OverlayTouchHandlerTest" time="0.213"/>
  <testcase name="pellizcar informa del punto medio entre los dedos" classname="com.forge.pixpin.pin.OverlayTouchHandlerTest" time="0.207"/>
  <testcase name="al soltar un dedo del pellizco el pin no salta" classname="com.forge.pixpin.pin.OverlayTouchHandlerTest" time="0.304"/>
  <testcase name="dos toques de dos dedos abren la edición simple" classname="com.forge.pixpin.pin.OverlayTouchHandlerTest" time="0.332"/>
  <testcase name="el toque en la esquina redimensiona en vez de arrastrar" classname="com.forge.pixpin.pin.OverlayTouchHandlerTest" time="0.122"/>
  <testcase name="un toque suelto de dos dedos no hace nada" classname="com.forge.pixpin.pin.OverlayTouchHandlerTest" time="0.184"/>
  <system-out><![CDATA[]]></system-out>
  <system-err><![CDATA[]]></system-err>
</testsuite>
