<?xml version="1.0" encoding="UTF-8"?>
<testsuite name="com.forge.pixpin.ManifiestoTest" tests="3" skipped="0" failures="0" errors="0" timestamp="2026-08-08T13:48:53.028Z" hostname="localhost" time="0.764">
  <properties/>
  <testcase name="el manifiesto existe y declara componentes" classname="com.forge.pixpin.ManifiestoTest" time="0.101"/>
  <testcase name="cada clase del manifiesto existe en las fuentes" classname="com.forge.pixpin.ManifiestoTest" time="0.103"/>
  <testcase name="ninguna clase nuestra se nombra como cadena de texto" classname="com.forge.pixpin.ManifiestoTest" time="0.527"/>
  <system-out><![CDATA[]]></system-out>
  <system-err><![CDATA[]]></system-err>
</testsuite>
