<?xml version="1.0" encoding="UTF-8"?>
<testsuite name="com.forge.pixpin.motor.PdfLecturaTest" tests="15" skipped="0" failures="0" errors="0" timestamp="2026-08-08T22:32:36.124Z" hostname="localhost" time="0.053">
  <properties/>
  <testcase name="la pagina trae su diccionario y su tamaño" classname="com.forge.pixpin.motor.PdfLecturaTest" time="0.021"/>
  <testcase name="se lee un pdf con la tabla clasica" classname="com.forge.pixpin.motor.PdfLecturaTest" time="0.002"/>
  <testcase name="un indice que miente no devuelve objetos ajenos" classname="com.forge.pixpin.motor.PdfLecturaTest" time="0.002"/>
  <testcase name="los nombres con escapes se leen" classname="com.forge.pixpin.motor.PdfLecturaTest" time="0.004"/>
  <testcase name="un flujo con la longitud equivocada se lee igual" classname="com.forge.pixpin.motor.PdfLecturaTest" time="0.004"/>
  <testcase name="los comentarios no estorban" classname="com.forge.pixpin.motor.PdfLecturaTest" time="0.0"/>
  <testcase name="un archivo que no es un pdf no se lee" classname="com.forge.pixpin.motor.PdfLecturaTest" time="0.0"/>
  <testcase name="el predictor png se deshace bien" classname="com.forge.pixpin.motor.PdfLecturaTest" time="0.0"/>
  <testcase name="un pdf cifrado se detecta y se dice" classname="com.forge.pixpin.motor.PdfLecturaTest" time="0.001"/>
  <testcase name="se lee un pdf moderno con indice comprimido" classname="com.forge.pixpin.motor.PdfLecturaTest" time="0.007"/>
  <testcase name="los diccionarios empaquetados se sacan del paquete" classname="com.forge.pixpin.motor.PdfLecturaTest" time="0.003"/>
  <testcase name="se encuentra el ultimo startxref" classname="com.forge.pixpin.motor.PdfLecturaTest" time="0.0"/>
  <testcase name="un objeto suelto de un pdf moderno tambien se lee" classname="com.forge.pixpin.motor.PdfLecturaTest" time="0.0"/>
  <testcase name="las referencias se distinguen de dos numeros" classname="com.forge.pixpin.motor.PdfLecturaTest" time="0.0"/>
  <testcase name="el tamaño se hereda del arbol de paginas" classname="com.forge.pixpin.motor.PdfLecturaTest" time="0.0"/>
  <system-out><![CDATA[]]></system-out>
  <system-err><![CDATA[]]></system-err>
</testsuite>
