<?xml version="1.0" encoding="UTF-8"?>
<testsuite name="com.forge.pixpin.motor.ZoomAnchorTest" tests="5" skipped="0" failures="0" errors="0" timestamp="2026-08-08T14:30:34.973Z" hostname="localhost" time="0.02">
  <properties/>
  <testcase name="ampliar mantiene el punto bajo los dedos" classname="com.forge.pixpin.motor.ZoomAnchorTest" time="0.015"/>
  <testcase name="reducir tambien lo mantiene" classname="com.forge.pixpin.motor.ZoomAnchorTest" time="0.0"/>
  <testcase name="el zoom se queda dentro de los limites" classname="com.forge.pixpin.motor.ZoomAnchorTest" time="0.001"/>
  <testcase name="funciona con la vista ya desplazada y lejos del origen" classname="com.forge.pixpin.motor.ZoomAnchorTest" time="0.0"/>
  <testcase name="el punto acompaña al centroide cuando ademas se desplaza" classname="com.forge.pixpin.motor.ZoomAnchorTest" time="0.0"/>
  <system-out><![CDATA[]]></system-out>
  <system-err><![CDATA[]]></system-err>
</testsuite>
