<?xml version="1.0" encoding="UTF-8"?>
<testsuite name="com.forge.pixpin.motor.NudosTest" tests="21" skipped="0" failures="0" errors="0" timestamp="2026-08-08T05:57:37.738Z" hostname="localhost" time="0.02">
  <properties/>
  <testcase name="con dos clavos ya no gira" classname="com.forge.pixpin.motor.NudosTest" time="0.005"/>
  <testcase name="los clavos de lo que ya no existe se tiran" classname="com.forge.pixpin.motor.NudosTest" time="0.001"/>
  <testcase name="sin clavo el triangulo se abre" classname="com.forge.pixpin.motor.NudosTest" time="0.002"/>
  <testcase name="arrastrar la figura entera se lleva lo clavado" classname="com.forge.pixpin.motor.NudosTest" time="0.001"/>
  <testcase name="sin clavos gira como siempre" classname="com.forge.pixpin.motor.NudosTest" time="0.0"/>
  <testcase name="arrastrando no se clava" classname="com.forge.pixpin.motor.NudosTest" time="0.0"/>
  <testcase name="tocar un clavo lo quita" classname="com.forge.pixpin.motor.NudosTest" time="0.0"/>
  <testcase name="con un clavo se gira sobre el clavo" classname="com.forge.pixpin.motor.NudosTest" time="0.0"/>
  <testcase name="dos circunferencias se clavan en su interseccion" classname="com.forge.pixpin.motor.NudosTest" time="0.001"/>
  <testcase name="cada clavo da un punto que pintar" classname="com.forge.pixpin.motor.NudosTest" time="0.004"/>
  <testcase name="tocar el clavo lo arranca y lo lleva" classname="com.forge.pixpin.motor.NudosTest" time="0.0"/>
  <testcase name="el clavo se afina hasta la interseccion" classname="com.forge.pixpin.motor.NudosTest" time="0.0"/>
  <testcase name="lejos de todo no se clava nada" classname="com.forge.pixpin.motor.NudosTest" time="0.001"/>
  <testcase name="el tirador desaparece donde hay un clavo" classname="com.forge.pixpin.motor.NudosTest" time="0.0"/>
  <testcase name="una figura sola no se puede clavar" classname="com.forge.pixpin.motor.NudosTest" time="0.0"/>
  <testcase name="mover un vertice clavado se lleva al otro" classname="com.forge.pixpin.motor.NudosTest" time="0.0"/>
  <testcase name="dos circunferencias clavadas se mueven juntas" classname="com.forge.pixpin.motor.NudosTest" time="0.0"/>
  <testcase name="el clavo atraviesa las figuras que pasan por el punto" classname="com.forge.pixpin.motor.NudosTest" time="0.0"/>
  <testcase name="lo clavado en cadena se mueve entero" classname="com.forge.pixpin.motor.NudosTest" time="0.001"/>
  <testcase name="un clavo en el medio no se mueve al tirar de una punta" classname="com.forge.pixpin.motor.NudosTest" time="0.001"/>
  <testcase name="tocar el vacio con el alfiler avisa" classname="com.forge.pixpin.motor.NudosTest" time="0.001"/>
  <system-out><![CDATA[]]></system-out>
  <system-err><![CDATA[]]></system-err>
</testsuite>
