<?xml version="1.0" encoding="UTF-8"?>
<testsuite name="com.forge.pixpin.motor.ViewportBoundsTest" tests="6" skipped="0" failures="0" errors="0" timestamp="2026-08-08T15:55:27.801Z" hostname="localhost" time="0.002">
  <properties/>
  <testcase name="una imagen mas pequeña que el hueco queda centrada" classname="com.forge.pixpin.motor.ViewportBoundsTest" time="0.001"/>
  <testcase name="acercarse no tiene tope practico, que es lo que permite afinar" classname="com.forge.pixpin.motor.ViewportBoundsTest" time="0.0"/>
  <testcase name="el paneo se frena antes de dejar hueco en los bordes" classname="com.forge.pixpin.motor.ViewportBoundsTest" time="0.0"/>
  <testcase name="sin limites no se toca nada, el lienzo sigue infinito" classname="com.forge.pixpin.motor.ViewportBoundsTest" time="0.0"/>
  <testcase name="no se puede alejar mas alla de que la imagen llene el hueco" classname="com.forge.pixpin.motor.ViewportBoundsTest" time="0.0"/>
  <testcase name="panear al otro extremo tambien se frena" classname="com.forge.pixpin.motor.ViewportBoundsTest" time="0.0"/>
  <system-out><![CDATA[]]></system-out>
  <system-err><![CDATA[]]></system-err>
</testsuite>
