<?xml version="1.0" encoding="UTF-8"?>
<testsuite name="com.forge.pixpin.annotate.UndoStackTest" tests="2" skipped="0" failures="0" errors="0" timestamp="2026-08-08T13:48:54.336Z" hostname="localhost" time="0.015">
  <properties/>
  <testcase name="undo y redo restauran estados" classname="com.forge.pixpin.annotate.UndoStackTest" time="0.013"/>
  <testcase name="push limpia el redo" classname="com.forge.pixpin.annotate.UndoStackTest" time="0.0"/>
  <system-out><![CDATA[]]></system-out>
  <system-err><![CDATA[]]></system-err>
</testsuite>
