<?xml version="1.0" encoding="UTF-8"?>
<testsuite name="com.forge.pixpin.motor.MotorSeparadoTest" tests="4" skipped="0" failures="0" errors="0" timestamp="2026-08-08T16:31:45.467Z" hostname="localhost" time="0.202">
  <properties/>
  <testcase name="el núcleo del motor no toca Android" classname="com.forge.pixpin.motor.MotorSeparadoTest" time="0.101"/>
  <testcase name="el motor no depende del resto de la aplicación" classname="com.forge.pixpin.motor.MotorSeparadoTest" time="0.098"/>
  <testcase name="el motor existe y no está vacío" classname="com.forge.pixpin.motor.MotorSeparadoTest" time="0.002"/>
  <testcase name="la lista de la capa de Android está al día" classname="com.forge.pixpin.motor.MotorSeparadoTest" time="0.001"/>
  <system-out><![CDATA[]]></system-out>
  <system-err><![CDATA[]]></system-err>
</testsuite>
