<?xml version="1.0" encoding="UTF-8"?>
<testsuite name="com.forge.pixpin.motor.RegionesTest" tests="28" skipped="0" failures="0" errors="0" timestamp="2026-08-08T16:31:45.743Z" hostname="localhost" time="1.675">
  <properties/>
  <testcase name="el agujero no roba el toque" classname="com.forge.pixpin.motor.RegionesTest" time="0.244"/>
  <testcase name="cuatro rayas que se tocan encierran un espacio" classname="com.forge.pixpin.motor.RegionesTest" time="0.147"/>
  <testcase name="sobre un espacio abierto avisa y no dibuja" classname="com.forge.pixpin.motor.RegionesTest" time="0.037"/>
  <testcase name="el elemento guarda el contorno y sus agujeros en relativo" classname="com.forge.pixpin.motor.RegionesTest" time="0.154"/>
  <testcase name="el camino del lapiz se simplifica antes de rellenar" classname="com.forge.pixpin.motor.RegionesTest" time="0.0"/>
  <testcase name="el relleno queda por encima de la foto del fondo" classname="com.forge.pixpin.motor.RegionesTest" time="0.119"/>
  <testcase name="el bote deja un relleno en la escena" classname="com.forge.pixpin.motor.RegionesTest" time="0.082"/>
  <testcase name="tocando encima del trazo se rellena lo de al lado" classname="com.forge.pixpin.motor.RegionesTest" time="0.052"/>
  <testcase name="si el espacio no esta cerrado no sale region" classname="com.forge.pixpin.motor.RegionesTest" time="0.044"/>
  <testcase name="tocando fuera de todo no hay nada que rellenar" classname="com.forge.pixpin.motor.RegionesTest" time="0.001"/>
  <testcase name="el hueco entre dos figuras deja el de dentro sin pintar" classname="com.forge.pixpin.motor.RegionesTest" time="0.047"/>
  <testcase name="sin fondo elegido no hay nada que rellenar" classname="com.forge.pixpin.motor.RegionesTest" time="0.001"/>
  <testcase name="sin fondo elegido se pinta del color del trazo" classname="com.forge.pixpin.motor.RegionesTest" time="0.061"/>
  <testcase name="un lapiz abierto no se rellena" classname="com.forge.pixpin.motor.RegionesTest" time="0.001"/>
  <testcase name="sin nada dibujado no hay nada que rellenar" classname="com.forge.pixpin.motor.RegionesTest" time="0.0"/>
  <testcase name="repintar el mismo hueco sustituye la mancha" classname="com.forge.pixpin.motor.RegionesTest" time="0.127"/>
  <testcase name="el relleno de lineas sale recto" classname="com.forge.pixpin.motor.RegionesTest" time="0.024"/>
  <testcase name="rellenar varias veces no degrada el resultado" classname="com.forge.pixpin.motor.RegionesTest" time="0.244"/>
  <testcase name="una rendija diminuta se da por cerrada" classname="com.forge.pixpin.motor.RegionesTest" time="0.046"/>
  <testcase name="el relleno se mete debajo de lo que lo encierra" classname="com.forge.pixpin.motor.RegionesTest" time="0.081"/>
  <testcase name="un gesto cancelado no deja relleno" classname="com.forge.pixpin.motor.RegionesTest" time="0.0"/>
  <testcase name="arrastrando el dedo no se rellena" classname="com.forge.pixpin.motor.RegionesTest" time="0.0"/>
  <testcase name="el rayado no cruza los agujeros" classname="com.forge.pixpin.motor.RegionesTest" time="0.002"/>
  <testcase name="rellenar otro hueco no borra el anterior" classname="com.forge.pixpin.motor.RegionesTest" time="0.07"/>
  <testcase name="la foto del fondo no encierra nada" classname="com.forge.pixpin.motor.RegionesTest" time="0.02"/>
  <testcase name="un relleno se deshace entero" classname="com.forge.pixpin.motor.RegionesTest" time="0.046"/>
  <testcase name="un lapiz cerrado con fondo se rellena" classname="com.forge.pixpin.motor.RegionesTest" time="0.0"/>
  <testcase name="tocando dentro del circulo se rellena el circulo" classname="com.forge.pixpin.motor.RegionesTest" time="0.009"/>
  <system-out><![CDATA[]]></system-out>
  <system-err><![CDATA[]]></system-err>
</testsuite>
