<?xml version="1.0" encoding="UTF-8"?>
<testsuite name="com.forge.pixpin.pin.OverlayTouchHandlerTest" tests="15" skipped="0" failures="0" errors="0" timestamp="2026-08-08T05:58:07.355Z" hostname="localhost" time="62.478">
  <properties/>
  <testcase name="sin handle el comportamiento es el de siempre" classname="com.forge.pixpin.pin.OverlayTouchHandlerTest" time="0.981"/>
  <testcase name="fuera de la pastilla se sigue arrastrando el pin" classname="com.forge.pixpin.pin.OverlayTouchHandlerTest" time="0.179"/>
  <testcase name="la pastilla de scroll desplaza en vez de arrastrar el pin" classname="com.forge.pixpin.pin.OverlayTouchHandlerTest" time="0.25"/>
  <testcase name="arrastrar no cuenta como toque" classname="com.forge.pixpin.pin.OverlayTouchHandlerTest" time="0.564"/>
  <testcase name="el handle gana a la pastilla cuando se solapan" classname="com.forge.pixpin.pin.OverlayTouchHandlerTest" time="0.169"/>
  <testcase name="un dedo arrastra en coordenadas de pantalla" classname="com.forge.pixpin.pin.OverlayTouchHandlerTest" time="58.883"/>
  <testcase name="dos dedos en vertical ajustan opacidad" classname="com.forge.pixpin.pin.OverlayTouchHandlerTest" time="0.089"/>
  <testcase name="un pellizco no cuenta como toque" classname="com.forge.pixpin.pin.OverlayTouchHandlerTest" time="0.108"/>
  <testcase name="dos toques lejanos en el tiempo no cuentan como doble" classname="com.forge.pixpin.pin.OverlayTouchHandlerTest" time="0.076"/>
  <testcase name="fuera de la esquina se sigue arrastrando" classname="com.forge.pixpin.pin.OverlayTouchHandlerTest" time="0.242"/>
  <testcase name="pellizcar informa del punto medio entre los dedos" classname="com.forge.pixpin.pin.OverlayTouchHandlerTest" time="0.173"/>
  <testcase name="al soltar un dedo del pellizco el pin no salta" classname="com.forge.pixpin.pin.OverlayTouchHandlerTest" time="0.114"/>
  <testcase name="dos toques de dos dedos abren la edición simple" classname="com.forge.pixpin.pin.OverlayTouchHandlerTest" time="0.099"/>
  <testcase name="el toque en la esquina redimensiona en vez de arrastrar" classname="com.forge.pixpin.pin.OverlayTouchHandlerTest" time="0.152"/>
  <testcase name="un toque suelto de dos dedos no hace nada" classname="com.forge.pixpin.pin.OverlayTouchHandlerTest" time="0.11"/>
  <system-out><![CDATA[]]></system-out>
  <system-err><![CDATA[]]></system-err>
</testsuite>
