<?xml version="1.0" encoding="UTF-8"?>
<testsuite name="com.forge.pixpin.floating.BallStateTest" tests="4" skipped="0" failures="0" errors="0" timestamp="2026-08-08T22:32:34.222Z" hostname="localhost" time="0.007">
  <properties/>
  <testcase name="sin ventana la visibilidad del contenido es irrelevante" classname="com.forge.pixpin.floating.BallStateTest" time="0.005"/>
  <testcase name="con la ventana puesta pero oculta hay que volver a ensenarla" classname="com.forge.pixpin.floating.BallStateTest" time="0.0"/>
  <testcase name="con la ventana visible no hay nada que hacer" classname="com.forge.pixpin.floating.BallStateTest" time="0.0"/>
  <testcase name="sin ventana hay que crearla" classname="com.forge.pixpin.floating.BallStateTest" time="0.001"/>
  <system-out><![CDATA[]]></system-out>
  <system-err><![CDATA[]]></system-err>
</testsuite>
